Drill report for E:\GitHub\sailoraid\Hardware\CPU_Board\CPU_Board.kicad_pcb
Created on 2017-09-20 09:44:51

Copper Layer Stackup:
    =============================================================
    L1 :  F.Cu                      front
    L2 :  B.Cu                      back


Drill file 'E:CPU_Board.drl' contains
    plated through holes:
    =============================================================
    T1  0,40mm  0,016"  (32 holes)
    T2  0,70mm  0,028"  (10 holes)
    T3  0,81mm  0,032"  (4 holes)
    T4  0,81mm  0,032"  (4 holes)
    T5  1,00mm  0,039"  (35 holes)
    T6  1,32mm  0,052"  (2 holes)
    T7  2,20mm  0,087"  (6 holes)
    T8  2,30mm  0,091"  (2 holes)

    Total plated holes count 95


Not plated through holes are merged with plated holes
    unplated through holes:
    =============================================================

    Total unplated holes count 0
